Jan 08, 2015 6:09:55 PM org.eclipse.birt.chart.device.swt.SwtDisplayServer <init>
INFO: SWT Display Server: cocoa v4,236
Jan 08, 2015 6:09:56 PM org.eclipse.birt.chart.device.swt.R31Enhance <clinit>
INFO: Advanced SWT graphics functions enabled.
Jan 08, 2015 6:09:56 PM org.eclipse.birt.chart.device.swt.SwtRendererImpl setProperty
INFO: Using graphics context org.eclipse.swt.graphics.GC@GC {org.eclipse.swt.internal.cocoa.NSGraphicsContext{4730519760}}
Jan 08, 2015 6:09:56 PM org.eclipse.birt.chart.script.AbstractScriptHandler register
INFO: Trying to load Chart Java event handler class...
Jan 08, 2015 6:09:56 PM org.eclipse.birt.chart.script.AbstractScriptHandler register
INFO: A Chart Java event handler class [class org.eclipse.mat.impl.chart.StorageUnitRenderScript] has been loaded successfully.
Jan 08, 2015 6:09:56 PM org.eclipse.birt.chart.render.EmptyWithoutAxes renderSeries
INFO: org.eclipse.birt.chart.render.EmptyWithoutAxes: renderSeries() [1/2]
Jan 08, 2015 6:09:56 PM org.eclipse.birt.chart.extension.render.Pie renderSeries
INFO: {0}: renderSeries() [{1}/{2}]org.eclipse.birt.chart.extension.render.Pie22
Jan 08, 2015 6:11:20 PM org.eclipse.birt.chart.device.swing.SwingDisplayServer <init>
INFO: SWING Display Server: Oracle Corporation v1.7.0_71
Jan 08, 2015 6:11:20 PM org.eclipse.birt.chart.script.AbstractScriptHandler register
INFO: Trying to load Chart Java event handler class...
Jan 08, 2015 6:11:20 PM org.eclipse.birt.chart.script.AbstractScriptHandler register
INFO: A Chart Java event handler class [class org.eclipse.mat.impl.chart.LabelRenderScript] has been loaded successfully.
Jan 08, 2015 6:11:20 PM org.eclipse.birt.chart.device.swing.SwingRendererImpl prepareGraphicsContext
INFO: Using graphics context sun.java2d.SunGraphics2D[font=java.awt.Font[family=Dialog,name=Dialog,style=plain,size=12],color=java.awt.Color[r=255,g=255,b=255]]
Jan 08, 2015 6:11:20 PM org.eclipse.birt.chart.render.EmptyWithoutAxes renderSeries
INFO: org.eclipse.birt.chart.render.EmptyWithoutAxes: renderSeries() [1/2]
Jan 08, 2015 6:11:20 PM org.eclipse.birt.chart.extension.render.Pie renderSeries
INFO: {0}: renderSeries() [{1}/{2}]org.eclipse.birt.chart.extension.render.Pie22
Jan 08, 2015 6:11:21 PM org.eclipse.birt.chart.device.image.JavaxImageIOWriter after
INFO: Using {0} image writer {1}pngcom.sun.imageio.plugins.png.PNGImageWriter
Jan 08, 2015 6:11:21 PM org.eclipse.birt.chart.device.swing.SwingDisplayServer <init>
INFO: SWING Display Server: Oracle Corporation v1.7.0_71
Jan 08, 2015 6:11:21 PM org.eclipse.birt.chart.script.AbstractScriptHandler register
INFO: Trying to load Chart Java event handler class...
Jan 08, 2015 6:11:21 PM org.eclipse.birt.chart.script.AbstractScriptHandler register
INFO: A Chart Java event handler class [class org.eclipse.mat.impl.chart.LabelRenderScript] has been loaded successfully.
Jan 08, 2015 6:11:21 PM org.eclipse.birt.chart.device.swing.SwingRendererImpl prepareGraphicsContext
INFO: Using graphics context sun.java2d.SunGraphics2D[font=java.awt.Font[family=Dialog,name=Dialog,style=plain,size=12],color=java.awt.Color[r=255,g=255,b=255]]
Jan 08, 2015 6:11:21 PM org.eclipse.birt.chart.render.EmptyWithoutAxes renderSeries
INFO: org.eclipse.birt.chart.render.EmptyWithoutAxes: renderSeries() [1/2]
Jan 08, 2015 6:11:21 PM org.eclipse.birt.chart.extension.render.Pie renderSeries
INFO: {0}: renderSeries() [{1}/{2}]org.eclipse.birt.chart.extension.render.Pie22
Jan 08, 2015 6:11:21 PM org.eclipse.birt.chart.device.image.JavaxImageIOWriter after
INFO: Using {0} image writer {1}pngcom.sun.imageio.plugins.png.PNGImageWriter
Jan 08, 2015 6:11:21 PM org.eclipse.birt.chart.device.swing.SwingDisplayServer <init>
INFO: SWING Display Server: Oracle Corporation v1.7.0_71
Jan 08, 2015 6:11:21 PM org.eclipse.birt.chart.script.AbstractScriptHandler register
INFO: Trying to load Chart Java event handler class...
Jan 08, 2015 6:11:21 PM org.eclipse.birt.chart.script.AbstractScriptHandler register
INFO: A Chart Java event handler class [class org.eclipse.mat.impl.chart.LabelRenderScript] has been loaded successfully.
Jan 08, 2015 6:11:21 PM org.eclipse.birt.chart.device.swing.SwingRendererImpl prepareGraphicsContext
INFO: Using graphics context sun.java2d.SunGraphics2D[font=java.awt.Font[family=Dialog,name=Dialog,style=plain,size=12],color=java.awt.Color[r=255,g=255,b=255]]
Jan 08, 2015 6:11:21 PM org.eclipse.birt.chart.render.EmptyWithoutAxes renderSeries
INFO: org.eclipse.birt.chart.render.EmptyWithoutAxes: renderSeries() [1/2]
Jan 08, 2015 6:11:21 PM org.eclipse.birt.chart.extension.render.Pie renderSeries
INFO: {0}: renderSeries() [{1}/{2}]org.eclipse.birt.chart.extension.render.Pie22
Jan 08, 2015 6:11:21 PM org.eclipse.birt.chart.device.image.JavaxImageIOWriter after
INFO: Using {0} image writer {1}pngcom.sun.imageio.plugins.png.PNGImageWriter
Jan 08, 2015 6:11:33 PM org.eclipse.birt.chart.device.swing.SwingDisplayServer <init>
INFO: SWING Display Server: Oracle Corporation v1.7.0_71
Jan 08, 2015 6:11:33 PM org.eclipse.birt.chart.script.AbstractScriptHandler register
INFO: Trying to load Chart Java event handler class...
Jan 08, 2015 6:11:33 PM org.eclipse.birt.chart.script.AbstractScriptHandler register
INFO: A Chart Java event handler class [class org.eclipse.mat.impl.chart.LabelRenderScript] has been loaded successfully.
Jan 08, 2015 6:11:33 PM org.eclipse.birt.chart.device.swing.SwingRendererImpl prepareGraphicsContext
INFO: Using graphics context sun.java2d.SunGraphics2D[font=java.awt.Font[family=Dialog,name=Dialog,style=plain,size=12],color=java.awt.Color[r=255,g=255,b=255]]
Jan 08, 2015 6:11:33 PM org.eclipse.birt.chart.render.EmptyWithoutAxes renderSeries
INFO: org.eclipse.birt.chart.render.EmptyWithoutAxes: renderSeries() [1/2]
Jan 08, 2015 6:11:33 PM org.eclipse.birt.chart.extension.render.Pie renderSeries
INFO: {0}: renderSeries() [{1}/{2}]org.eclipse.birt.chart.extension.render.Pie22
Jan 08, 2015 6:11:33 PM org.eclipse.birt.chart.device.image.JavaxImageIOWriter after
INFO: Using {0} image writer {1}pngcom.sun.imageio.plugins.png.PNGImageWriter
Jan 08, 2015 6:11:50 PM org.eclipse.birt.chart.device.swing.SwingDisplayServer <init>
INFO: SWING Display Server: Oracle Corporation v1.7.0_71
Jan 08, 2015 6:11:50 PM org.eclipse.birt.chart.script.AbstractScriptHandler register
INFO: Trying to load Chart Java event handler class...
Jan 08, 2015 6:11:50 PM org.eclipse.birt.chart.script.AbstractScriptHandler register
INFO: A Chart Java event handler class [class org.eclipse.mat.impl.chart.LabelRenderScript] has been loaded successfully.
Jan 08, 2015 6:11:50 PM org.eclipse.birt.chart.device.swing.SwingRendererImpl prepareGraphicsContext
INFO: Using graphics context sun.java2d.SunGraphics2D[font=java.awt.Font[family=Dialog,name=Dialog,style=plain,size=12],color=java.awt.Color[r=255,g=255,b=255]]
Jan 08, 2015 6:11:50 PM org.eclipse.birt.chart.render.EmptyWithoutAxes renderSeries
INFO: org.eclipse.birt.chart.render.EmptyWithoutAxes: renderSeries() [1/2]
Jan 08, 2015 6:11:50 PM org.eclipse.birt.chart.extension.render.Pie renderSeries
INFO: {0}: renderSeries() [{1}/{2}]org.eclipse.birt.chart.extension.render.Pie22
Jan 08, 2015 6:11:50 PM org.eclipse.birt.chart.device.image.JavaxImageIOWriter after
INFO: Using {0} image writer {1}pngcom.sun.imageio.plugins.png.PNGImageWriter
Jan 08, 2015 6:16:43 PM org.eclipse.birt.chart.device.swing.SwingDisplayServer <init>
INFO: SWING Display Server: Oracle Corporation v1.7.0_71
Jan 08, 2015 6:16:43 PM org.eclipse.birt.chart.script.AbstractScriptHandler register
INFO: Trying to load Chart Java event handler class...
Jan 08, 2015 6:16:43 PM org.eclipse.birt.chart.script.AbstractScriptHandler register
INFO: A Chart Java event handler class [class org.eclipse.mat.impl.chart.LabelRenderScript] has been loaded successfully.
Jan 08, 2015 6:16:43 PM org.eclipse.birt.chart.device.swing.SwingRendererImpl prepareGraphicsContext
INFO: Using graphics context sun.java2d.SunGraphics2D[font=java.awt.Font[family=Dialog,name=Dialog,style=plain,size=12],color=java.awt.Color[r=255,g=255,b=255]]
Jan 08, 2015 6:16:43 PM org.eclipse.birt.chart.render.EmptyWithoutAxes renderSeries
INFO: org.eclipse.birt.chart.render.EmptyWithoutAxes: renderSeries() [1/2]
Jan 08, 2015 6:16:43 PM org.eclipse.birt.chart.extension.render.Pie renderSeries
INFO: {0}: renderSeries() [{1}/{2}]org.eclipse.birt.chart.extension.render.Pie22
Jan 08, 2015 6:16:43 PM org.eclipse.birt.chart.device.image.JavaxImageIOWriter after
INFO: Using {0} image writer {1}pngcom.sun.imageio.plugins.png.PNGImageWriter
Jan 08, 2015 6:16:43 PM org.eclipse.birt.chart.device.swing.SwingDisplayServer <init>
INFO: SWING Display Server: Oracle Corporation v1.7.0_71
Jan 08, 2015 6:16:43 PM org.eclipse.birt.chart.script.AbstractScriptHandler register
INFO: Trying to load Chart Java event handler class...
Jan 08, 2015 6:16:43 PM org.eclipse.birt.chart.script.AbstractScriptHandler register
INFO: A Chart Java event handler class [class org.eclipse.mat.impl.chart.LabelRenderScript] has been loaded successfully.
Jan 08, 2015 6:16:43 PM org.eclipse.birt.chart.device.swing.SwingRendererImpl prepareGraphicsContext
INFO: Using graphics context sun.java2d.SunGraphics2D[font=java.awt.Font[family=Dialog,name=Dialog,style=plain,size=12],color=java.awt.Color[r=255,g=255,b=255]]
Jan 08, 2015 6:16:43 PM org.eclipse.birt.chart.render.EmptyWithoutAxes renderSeries
INFO: org.eclipse.birt.chart.render.EmptyWithoutAxes: renderSeries() [1/2]
Jan 08, 2015 6:16:43 PM org.eclipse.birt.chart.extension.render.Pie renderSeries
INFO: {0}: renderSeries() [{1}/{2}]org.eclipse.birt.chart.extension.render.Pie22
Jan 08, 2015 6:16:43 PM org.eclipse.birt.chart.device.image.JavaxImageIOWriter after
INFO: Using {0} image writer {1}pngcom.sun.imageio.plugins.png.PNGImageWriter
Jan 08, 2015 6:16:43 PM org.eclipse.birt.chart.device.swing.SwingDisplayServer <init>
INFO: SWING Display Server: Oracle Corporation v1.7.0_71
Jan 08, 2015 6:16:43 PM org.eclipse.birt.chart.script.AbstractScriptHandler register
INFO: Trying to load Chart Java event handler class...
Jan 08, 2015 6:16:43 PM org.eclipse.birt.chart.script.AbstractScriptHandler register
INFO: A Chart Java event handler class [class org.eclipse.mat.impl.chart.LabelRenderScript] has been loaded successfully.
Jan 08, 2015 6:16:43 PM org.eclipse.birt.chart.device.swing.SwingRendererImpl prepareGraphicsContext
INFO: Using graphics context sun.java2d.SunGraphics2D[font=java.awt.Font[family=Dialog,name=Dialog,style=plain,size=12],color=java.awt.Color[r=255,g=255,b=255]]
Jan 08, 2015 6:16:43 PM org.eclipse.birt.chart.render.EmptyWithoutAxes renderSeries
INFO: org.eclipse.birt.chart.render.EmptyWithoutAxes: renderSeries() [1/2]
Jan 08, 2015 6:16:43 PM org.eclipse.birt.chart.extension.render.Pie renderSeries
INFO: {0}: renderSeries() [{1}/{2}]org.eclipse.birt.chart.extension.render.Pie22
Jan 08, 2015 6:16:43 PM org.eclipse.birt.chart.device.image.JavaxImageIOWriter after
INFO: Using {0} image writer {1}pngcom.sun.imageio.plugins.png.PNGImageWriter
